Resources:
  vgue2devplatformvpcBAAC0E6D:
    Type: AWS::EC2::VPC
    Properties:
      CidrBlock: 10.0.0.0/16
      EnableDnsHostnames: true
      EnableDnsSupport: true
      InstanceTenancy: default
      Tags:
        - Key: Name
          Value: CdkStack/vg-ue2-devplatform-vpc
    Metadata:
      aws:cdk:path: CdkStack/vg-ue2-devplatform-vpc/Resource
  vgue2devplatformvpcPublicSubnet1Subnet7FAD95B6:
    Type: AWS::EC2::Subnet
    Properties:
      CidrBlock: 10.0.0.0/19
      VpcId:
        Ref: vgue2devplatformvpcBAAC0E6D
      AvailabilityZone: us-east-2a
      MapPublicIpOnLaunch: true
      Tags:
        - Key: aws-cdk:subnet-name
          Value: Public
        - Key: aws-cdk:subnet-type
          Value: Public
        - Key: Name
          Value: CdkStack/vg-ue2-devplatform-vpc/PublicSubnet1
    Metadata:
      aws:cdk:path: CdkStack/vg-ue2-devplatform-vpc/PublicSubnet1/Subnet
  vgue2devplatformvpcPublicSubnet1RouteTable771A8B08:
    Type: AWS::EC2::RouteTable
    Properties:
      VpcId:
        Ref: vgue2devplatformvpcBAAC0E6D
      Tags:
        - Key: Name
          Value: CdkStack/vg-ue2-devplatform-vpc/PublicSubnet1
    Metadata:
      aws:cdk:path: CdkStack/vg-ue2-devplatform-vpc/PublicSubnet1/RouteTable
  vgue2devplatformvpcPublicSubnet1RouteTableAssociation7C73E138:
    Type: AWS::EC2::SubnetRouteTableAssociation
    Properties:
      RouteTableId:
        Ref: vgue2devplatformvpcPublicSubnet1RouteTable771A8B08
      SubnetId:
        Ref: vgue2devplatformvpcPublicSubnet1Subnet7FAD95B6
    Metadata:
      aws:cdk:path: CdkStack/vg-ue2-devplatform-vpc/PublicSubnet1/RouteTableAssociation
  vgue2devplatformvpcPublicSubnet1DefaultRoute9E483CB4:
    Type: AWS::EC2::Route
    Properties:
      RouteTableId:
        Ref: vgue2devplatformvpcPublicSubnet1RouteTable771A8B08
      DestinationCidrBlock: 0.0.0.0/0
      GatewayId:
        Ref: vgue2devplatformvpcIGW7F5CD0CF
    DependsOn:
      - vgue2devplatformvpcVPCGWAD96F058
    Metadata:
      aws:cdk:path: CdkStack/vg-ue2-devplatform-vpc/PublicSubnet1/DefaultRoute
  vgue2devplatformvpcPublicSubnet1EIP06E0E8D7:
    Type: AWS::EC2::EIP
    Properties:
      Domain: vpc
      Tags:
        - Key: Name
          Value: CdkStack/vg-ue2-devplatform-vpc/PublicSubnet1
    Metadata:
      aws:cdk:path: CdkStack/vg-ue2-devplatform-vpc/PublicSubnet1/EIP
  vgue2devplatformvpcPublicSubnet1NATGateway0FB38E50:
    Type: AWS::EC2::NatGateway
    Properties:
      SubnetId:
        Ref: vgue2devplatformvpcPublicSubnet1Subnet7FAD95B6
      AllocationId:
        Fn::GetAtt:
          - vgue2devplatformvpcPublicSubnet1EIP06E0E8D7
          - AllocationId
      Tags:
        - Key: Name
          Value: CdkStack/vg-ue2-devplatform-vpc/PublicSubnet1
    Metadata:
      aws:cdk:path: CdkStack/vg-ue2-devplatform-vpc/PublicSubnet1/NATGateway
  vgue2devplatformvpcPublicSubnet2Subnet538057E9:
    Type: AWS::EC2::Subnet
    Properties:
      CidrBlock: 10.0.32.0/19
      VpcId:
        Ref: vgue2devplatformvpcBAAC0E6D
      AvailabilityZone: us-east-2b
      MapPublicIpOnLaunch: true
      Tags:
        - Key: aws-cdk:subnet-name
          Value: Public
        - Key: aws-cdk:subnet-type
          Value: Public
        - Key: Name
          Value: CdkStack/vg-ue2-devplatform-vpc/PublicSubnet2
    Metadata:
      aws:cdk:path: CdkStack/vg-ue2-devplatform-vpc/PublicSubnet2/Subnet
  vgue2devplatformvpcPublicSubnet2RouteTable42BCC454:
    Type: AWS::EC2::RouteTable
    Properties:
      VpcId:
        Ref: vgue2devplatformvpcBAAC0E6D
      Tags:
        - Key: Name
          Value: CdkStack/vg-ue2-devplatform-vpc/PublicSubnet2
    Metadata:
      aws:cdk:path: CdkStack/vg-ue2-devplatform-vpc/PublicSubnet2/RouteTable
  vgue2devplatformvpcPublicSubnet2RouteTableAssociationE9AD6609:
    Type: AWS::EC2::SubnetRouteTableAssociation
    Properties:
      RouteTableId:
        Ref: vgue2devplatformvpcPublicSubnet2RouteTable42BCC454
      SubnetId:
        Ref: vgue2devplatformvpcPublicSubnet2Subnet538057E9
    Metadata:
      aws:cdk:path: CdkStack/vg-ue2-devplatform-vpc/PublicSubnet2/RouteTableAssociation
  vgue2devplatformvpcPublicSubnet2DefaultRoute6C3707BA:
    Type: AWS::EC2::Route
    Properties:
      RouteTableId:
        Ref: vgue2devplatformvpcPublicSubnet2RouteTable42BCC454
      DestinationCidrBlock: 0.0.0.0/0
      GatewayId:
        Ref: vgue2devplatformvpcIGW7F5CD0CF
    DependsOn:
      - vgue2devplatformvpcVPCGWAD96F058
    Metadata:
      aws:cdk:path: CdkStack/vg-ue2-devplatform-vpc/PublicSubnet2/DefaultRoute
  vgue2devplatformvpcPublicSubnet2EIP44E3D6BB:
    Type: AWS::EC2::EIP
    Properties:
      Domain: vpc
      Tags:
        - Key: Name
          Value: CdkStack/vg-ue2-devplatform-vpc/PublicSubnet2
    Metadata:
      aws:cdk:path: CdkStack/vg-ue2-devplatform-vpc/PublicSubnet2/EIP
  vgue2devplatformvpcPublicSubnet2NATGateway13185CAA:
    Type: AWS::EC2::NatGateway
    Properties:
      SubnetId:
        Ref: vgue2devplatformvpcPublicSubnet2Subnet538057E9
      AllocationId:
        Fn::GetAtt:
          - vgue2devplatformvpcPublicSubnet2EIP44E3D6BB
          - AllocationId
      Tags:
        - Key: Name
          Value: CdkStack/vg-ue2-devplatform-vpc/PublicSubnet2
    Metadata:
      aws:cdk:path: CdkStack/vg-ue2-devplatform-vpc/PublicSubnet2/NATGateway
  vgue2devplatformvpcPublicSubnet3Subnet9CBF5E0E:
    Type: AWS::EC2::Subnet
    Properties:
      CidrBlock: 10.0.64.0/19
      VpcId:
        Ref: vgue2devplatformvpcBAAC0E6D
      AvailabilityZone: us-east-2c
      MapPublicIpOnLaunch: true
      Tags:
        - Key: aws-cdk:subnet-name
          Value: Public
        - Key: aws-cdk:subnet-type
          Value: Public
        - Key: Name
          Value: CdkStack/vg-ue2-devplatform-vpc/PublicSubnet3
    Metadata:
      aws:cdk:path: CdkStack/vg-ue2-devplatform-vpc/PublicSubnet3/Subnet
  vgue2devplatformvpcPublicSubnet3RouteTableA3C6DEC9:
    Type: AWS::EC2::RouteTable
    Properties:
      VpcId:
        Ref: vgue2devplatformvpcBAAC0E6D
      Tags:
        - Key: Name
          Value: CdkStack/vg-ue2-devplatform-vpc/PublicSubnet3
    Metadata:
      aws:cdk:path: CdkStack/vg-ue2-devplatform-vpc/PublicSubnet3/RouteTable
  vgue2devplatformvpcPublicSubnet3RouteTableAssociation14604BA3:
    Type: AWS::EC2::SubnetRouteTableAssociation
    Properties:
      RouteTableId:
        Ref: vgue2devplatformvpcPublicSubnet3RouteTableA3C6DEC9
      SubnetId:
        Ref: vgue2devplatformvpcPublicSubnet3Subnet9CBF5E0E
    Metadata:
      aws:cdk:path: CdkStack/vg-ue2-devplatform-vpc/PublicSubnet3/RouteTableAssociation
  vgue2devplatformvpcPublicSubnet3DefaultRoute90593731:
    Type: AWS::EC2::Route
    Properties:
      RouteTableId:
        Ref: vgue2devplatformvpcPublicSubnet3RouteTableA3C6DEC9
      DestinationCidrBlock: 0.0.0.0/0
      GatewayId:
        Ref: vgue2devplatformvpcIGW7F5CD0CF
    DependsOn:
      - vgue2devplatformvpcVPCGWAD96F058
    Metadata:
      aws:cdk:path: CdkStack/vg-ue2-devplatform-vpc/PublicSubnet3/DefaultRoute
  vgue2devplatformvpcPublicSubnet3EIP3C6B632F:
    Type: AWS::EC2::EIP
    Properties:
      Domain: vpc
      Tags:
        - Key: Name
          Value: CdkStack/vg-ue2-devplatform-vpc/PublicSubnet3
    Metadata:
      aws:cdk:path: CdkStack/vg-ue2-devplatform-vpc/PublicSubnet3/EIP
  vgue2devplatformvpcPublicSubnet3NATGateway7481B76C:
    Type: AWS::EC2::NatGateway
    Properties:
      SubnetId:
        Ref: vgue2devplatformvpcPublicSubnet3Subnet9CBF5E0E
      AllocationId:
        Fn::GetAtt:
          - vgue2devplatformvpcPublicSubnet3EIP3C6B632F
          - AllocationId
      Tags:
        - Key: Name
          Value: CdkStack/vg-ue2-devplatform-vpc/PublicSubnet3
    Metadata:
      aws:cdk:path: CdkStack/vg-ue2-devplatform-vpc/PublicSubnet3/NATGateway
  vgue2devplatformvpcPrivateSubnet1SubnetAEE14A70:
    Type: AWS::EC2::Subnet
    Properties:
      CidrBlock: 10.0.96.0/19
      VpcId:
        Ref: vgue2devplatformvpcBAAC0E6D
      AvailabilityZone: us-east-2a
      MapPublicIpOnLaunch: false
      Tags:
        - Key: aws-cdk:subnet-name
          Value: Private
        - Key: aws-cdk:subnet-type
          Value: Private
        - Key: Name
          Value: CdkStack/vg-ue2-devplatform-vpc/PrivateSubnet1
    Metadata:
      aws:cdk:path: CdkStack/vg-ue2-devplatform-vpc/PrivateSubnet1/Subnet
  vgue2devplatformvpcPrivateSubnet1RouteTable098DF77F:
    Type: AWS::EC2::RouteTable
    Properties:
      VpcId:
        Ref: vgue2devplatformvpcBAAC0E6D
      Tags:
        - Key: Name
          Value: CdkStack/vg-ue2-devplatform-vpc/PrivateSubnet1
    Metadata:
      aws:cdk:path: CdkStack/vg-ue2-devplatform-vpc/PrivateSubnet1/RouteTable
  vgue2devplatformvpcPrivateSubnet1RouteTableAssociation1A56E56E:
    Type: AWS::EC2::SubnetRouteTableAssociation
    Properties:
      RouteTableId:
        Ref: vgue2devplatformvpcPrivateSubnet1RouteTable098DF77F
      SubnetId:
        Ref: vgue2devplatformvpcPrivateSubnet1SubnetAEE14A70
    Metadata:
      aws:cdk:path: CdkStack/vg-ue2-devplatform-vpc/PrivateSubnet1/RouteTableAssociation
  vgue2devplatformvpcPrivateSubnet1DefaultRoute2A149F9F:
    Type: AWS::EC2::Route
    Properties:
      RouteTableId:
        Ref: vgue2devplatformvpcPrivateSubnet1RouteTable098DF77F
      DestinationCidrBlock: 0.0.0.0/0
      NatGatewayId:
        Ref: vgue2devplatformvpcPublicSubnet1NATGateway0FB38E50
    Metadata:
      aws:cdk:path: CdkStack/vg-ue2-devplatform-vpc/PrivateSubnet1/DefaultRoute
  vgue2devplatformvpcPrivateSubnet2SubnetF158D63F:
    Type: AWS::EC2::Subnet
    Properties:
      CidrBlock: 10.0.128.0/19
      VpcId:
        Ref: vgue2devplatformvpcBAAC0E6D
      AvailabilityZone: us-east-2b
      MapPublicIpOnLaunch: false
      Tags:
        - Key: aws-cdk:subnet-name
          Value: Private
        - Key: aws-cdk:subnet-type
          Value: Private
        - Key: Name
          Value: CdkStack/vg-ue2-devplatform-vpc/PrivateSubnet2
    Metadata:
      aws:cdk:path: CdkStack/vg-ue2-devplatform-vpc/PrivateSubnet2/Subnet
  vgue2devplatformvpcPrivateSubnet2RouteTableE7E4ADCE:
    Type: AWS::EC2::RouteTable
    Properties:
      VpcId:
        Ref: vgue2devplatformvpcBAAC0E6D
      Tags:
        - Key: Name
          Value: CdkStack/vg-ue2-devplatform-vpc/PrivateSubnet2
    Metadata:
      aws:cdk:path: CdkStack/vg-ue2-devplatform-vpc/PrivateSubnet2/RouteTable
  vgue2devplatformvpcPrivateSubnet2RouteTableAssociationFBD399BF:
    Type: AWS::EC2::SubnetRouteTableAssociation
    Properties:
      RouteTableId:
        Ref: vgue2devplatformvpcPrivateSubnet2RouteTableE7E4ADCE
      SubnetId:
        Ref: vgue2devplatformvpcPrivateSubnet2SubnetF158D63F
    Metadata:
      aws:cdk:path: CdkStack/vg-ue2-devplatform-vpc/PrivateSubnet2/RouteTableAssociation
  vgue2devplatformvpcPrivateSubnet2DefaultRoute8A5E7703:
    Type: AWS::EC2::Route
    Properties:
      RouteTableId:
        Ref: vgue2devplatformvpcPrivateSubnet2RouteTableE7E4ADCE
      DestinationCidrBlock: 0.0.0.0/0
      NatGatewayId:
        Ref: vgue2devplatformvpcPublicSubnet2NATGateway13185CAA
    Metadata:
      aws:cdk:path: CdkStack/vg-ue2-devplatform-vpc/PrivateSubnet2/DefaultRoute
  vgue2devplatformvpcPrivateSubnet3SubnetAEC093A5:
    Type: AWS::EC2::Subnet
    Properties:
      CidrBlock: 10.0.160.0/19
      VpcId:
        Ref: vgue2devplatformvpcBAAC0E6D
      AvailabilityZone: us-east-2c
      MapPublicIpOnLaunch: false
      Tags:
        - Key: aws-cdk:subnet-name
          Value: Private
        - Key: aws-cdk:subnet-type
          Value: Private
        - Key: Name
          Value: CdkStack/vg-ue2-devplatform-vpc/PrivateSubnet3
    Metadata:
      aws:cdk:path: CdkStack/vg-ue2-devplatform-vpc/PrivateSubnet3/Subnet
  vgue2devplatformvpcPrivateSubnet3RouteTableB74AA3A5:
    Type: AWS::EC2::RouteTable
    Properties:
      VpcId:
        Ref: vgue2devplatformvpcBAAC0E6D
      Tags:
        - Key: Name
          Value: CdkStack/vg-ue2-devplatform-vpc/PrivateSubnet3
    Metadata:
      aws:cdk:path: CdkStack/vg-ue2-devplatform-vpc/PrivateSubnet3/RouteTable
  vgue2devplatformvpcPrivateSubnet3RouteTableAssociation2F68AFCC:
    Type: AWS::EC2::SubnetRouteTableAssociation
    Properties:
      RouteTableId:
        Ref: vgue2devplatformvpcPrivateSubnet3RouteTableB74AA3A5
      SubnetId:
        Ref: vgue2devplatformvpcPrivateSubnet3SubnetAEC093A5
    Metadata:
      aws:cdk:path: CdkStack/vg-ue2-devplatform-vpc/PrivateSubnet3/RouteTableAssociation
  vgue2devplatformvpcPrivateSubnet3DefaultRoute70E9D93B:
    Type: AWS::EC2::Route
    Properties:
      RouteTableId:
        Ref: vgue2devplatformvpcPrivateSubnet3RouteTableB74AA3A5
      DestinationCidrBlock: 0.0.0.0/0
      NatGatewayId:
        Ref: vgue2devplatformvpcPublicSubnet3NATGateway7481B76C
    Metadata:
      aws:cdk:path: CdkStack/vg-ue2-devplatform-vpc/PrivateSubnet3/DefaultRoute
  vgue2devplatformvpcIGW7F5CD0CF:
    Type: AWS::EC2::InternetGateway
    Properties:
      Tags:
        - Key: Name
          Value: CdkStack/vg-ue2-devplatform-vpc
    Metadata:
      aws:cdk:path: CdkStack/vg-ue2-devplatform-vpc/IGW
  vgue2devplatformvpcVPCGWAD96F058:
    Type: AWS::EC2::VPCGatewayAttachment
    Properties:
      VpcId:
        Ref: vgue2devplatformvpcBAAC0E6D
      InternetGatewayId:
        Ref: vgue2devplatformvpcIGW7F5CD0CF
    Metadata:
      aws:cdk:path: CdkStack/vg-ue2-devplatform-vpc/VPCGW
  vgue2devplatformclusterB1A5F61F:
    Type: AWS::ECS::Cluster
    Properties:
      ClusterName: vg-services-cluster
    Metadata:
      aws:cdk:path: CdkStack/vg-ue2-devplatform-cluster/Resource
  Namespace9B63B8C8:
    Type: AWS::ServiceDiscovery::PrivateDnsNamespace
    Properties:
      Name: volatility.local
      Vpc:
        Ref: vgue2devplatformvpcBAAC0E6D
    Metadata:
      aws:cdk:path: CdkStack/Namespace/Resource
  vgue2devplatformwstaskdefTaskRole3E5CB151:
    Type: AWS::IAM::Role
    Properties:
      AssumeRolePolicyDocument:
        Statement:
          - Action: sts:AssumeRole
            Effect: Allow
            Principal:
              Service: ecs-tasks.amazonaws.com
        Version: "2012-10-17"
    Metadata:
      aws:cdk:path: CdkStack/vg-ue2-devplatform-ws-taskdef/TaskRole/Resource
  vgue2devplatformwstaskdefB0D10FF2:
    Type: AWS::ECS::TaskDefinition
    Properties:
      ContainerDefinitions:
        - Environment:
            - Name: SEARCH_DOMAIN
              Value: volatility.local
          Essential: true
          Image:
            Fn::Sub: 994224827437.dkr.ecr.us-east-2.${AWS::URLSuffix}/cdk-hnb659fds-container-assets-994224827437-us-east-2:c9a90537685c766e01bd21ac2675422256bd4ae24ee94df40d6a021d0b9254c8
          Name: ws-container
          PortMappings:
            - ContainerPort: 80
              Protocol: tcp
      Cpu: "512"
      ExecutionRoleArn:
        Fn::GetAtt:
          - vgue2devplatformwstaskdefExecutionRole3148D57E
          - Arn
      Family: CdkStackvgue2devplatformwstaskdefE6A54309
      Memory: "2048"
      NetworkMode: awsvpc
      RequiresCompatibilities:
        - FARGATE
      TaskRoleArn:
        Fn::GetAtt:
          - vgue2devplatformwstaskdefTaskRole3E5CB151
          - Arn
    Metadata:
      aws:cdk:path: CdkStack/vg-ue2-devplatform-ws-taskdef/Resource
  vgue2devplatformwstaskdefExecutionRole3148D57E:
    Type: AWS::IAM::Role
    Properties:
      AssumeRolePolicyDocument:
        Statement:
          - Action: sts:AssumeRole
            Effect: Allow
            Principal:
              Service: ecs-tasks.amazonaws.com
        Version: "2012-10-17"
    Metadata:
      aws:cdk:path: CdkStack/vg-ue2-devplatform-ws-taskdef/ExecutionRole/Resource
  vgue2devplatformwstaskdefExecutionRoleDefaultPolicy469ED32F:
    Type: AWS::IAM::Policy
    Properties:
      PolicyDocument:
        Statement:
          - Action:
              - ecr:BatchCheckLayerAvailability
              - ecr:GetDownloadUrlForLayer
              - ecr:BatchGetImage
            Effect: Allow
            Resource:
              Fn::Join:
                - ""
                - - "arn:"
                  - Ref: AWS::Partition
                  - :ecr:us-east-2:994224827437:repository/cdk-hnb659fds-container-assets-994224827437-us-east-2
          - Action: ecr:GetAuthorizationToken
            Effect: Allow
            Resource: "*"
        Version: "2012-10-17"
      PolicyName: vgue2devplatformwstaskdefExecutionRoleDefaultPolicy469ED32F
      Roles:
        - Ref: vgue2devplatformwstaskdefExecutionRole3148D57E
    Metadata:
      aws:cdk:path: CdkStack/vg-ue2-devplatform-ws-taskdef/ExecutionRole/DefaultPolicy/Resource
  vgue2devplatformwsserviceLB3C1C9208:
    Type: AWS::ElasticLoadBalancingV2::LoadBalancer
    Properties:
      LoadBalancerAttributes:
        - Key: deletion_protection.enabled
          Value: "false"
      Scheme: internet-facing
      SecurityGroups:
        - Fn::GetAtt:
            - vgue2devplatformwsserviceLBSecurityGroupFA148AB6
            - GroupId
      Subnets:
        - Ref: vgue2devplatformvpcPublicSubnet1Subnet7FAD95B6
        - Ref: vgue2devplatformvpcPublicSubnet2Subnet538057E9
        - Ref: vgue2devplatformvpcPublicSubnet3Subnet9CBF5E0E
      Type: application
    DependsOn:
      - vgue2devplatformvpcPublicSubnet1DefaultRoute9E483CB4
      - vgue2devplatformvpcPublicSubnet2DefaultRoute6C3707BA
      - vgue2devplatformvpcPublicSubnet3DefaultRoute90593731
    Metadata:
      aws:cdk:path: CdkStack/vg-ue2-devplatform-ws-service/LB/Resource
  vgue2devplatformwsserviceLBSecurityGroupFA148AB6:
    Type: AWS::EC2::SecurityGroup
    Properties:
      GroupDescription: Automatically created Security Group for ELB CdkStackvgue2devplatformwsserviceLB236569AE
      SecurityGroupIngress:
        - CidrIp: 0.0.0.0/0
          Description: Allow from anyone on port 80
          FromPort: 80
          IpProtocol: tcp
          ToPort: 80
      VpcId:
        Ref: vgue2devplatformvpcBAAC0E6D
    Metadata:
      aws:cdk:path: CdkStack/vg-ue2-devplatform-ws-service/LB/SecurityGroup/Resource
  vgue2devplatformwsserviceLBSecurityGrouptoCdkStackvgue2devplatformwsserviceServiceSecurityGroupBEECEE7180FBB07BBD:
    Type: AWS::EC2::SecurityGroupEgress
    Properties:
      GroupId:
        Fn::GetAtt:
          - vgue2devplatformwsserviceLBSecurityGroupFA148AB6
          - GroupId
      IpProtocol: tcp
      Description: Load balancer to target
      DestinationSecurityGroupId:
        Fn::GetAtt:
          - vgue2devplatformwsserviceServiceSecurityGroupE60F5357
          - GroupId
      FromPort: 80
      ToPort: 80
    Metadata:
      aws:cdk:path: CdkStack/vg-ue2-devplatform-ws-service/LB/SecurityGroup/to CdkStackvgue2devplatformwsserviceServiceSecurityGroupBEECEE71:80
  vgue2devplatformwsserviceLBPublicListenerA9F224AC:
    Type: AWS::ElasticLoadBalancingV2::Listener
    Properties:
      DefaultActions:
        - TargetGroupArn:
            Ref: vgue2devplatformwsserviceLBPublicListenerECSGroup72C0D089
          Type: forward
      LoadBalancerArn:
        Ref: vgue2devplatformwsserviceLB3C1C9208
      Port: 80
      Protocol: HTTP
    Metadata:
      aws:cdk:path: CdkStack/vg-ue2-devplatform-ws-service/LB/PublicListener/Resource
  vgue2devplatformwsserviceLBPublicListenerECSGroup72C0D089:
    Type: AWS::ElasticLoadBalancingV2::TargetGroup
    Properties:
      Port: 80
      Protocol: HTTP
      TargetGroupAttributes:
        - Key: stickiness.enabled
          Value: "false"
      TargetType: ip
      VpcId:
        Ref: vgue2devplatformvpcBAAC0E6D
    Metadata:
      aws:cdk:path: CdkStack/vg-ue2-devplatform-ws-service/LB/PublicListener/ECSGroup/Resource
  vgue2devplatformwsserviceServiceF10D0118:
    Type: AWS::ECS::Service
    Properties:
      Cluster:
        Ref: vgue2devplatformclusterB1A5F61F
      DeploymentConfiguration:
        MaximumPercent: 200
        MinimumHealthyPercent: 50
      DesiredCount: 1
      EnableECSManagedTags: false
      HealthCheckGracePeriodSeconds: 60
      LaunchType: FARGATE
      LoadBalancers:
        - ContainerName: ws-container
          ContainerPort: 80
          TargetGroupArn:
            Ref: vgue2devplatformwsserviceLBPublicListenerECSGroup72C0D089
      NetworkConfiguration:
        AwsvpcConfiguration:
          AssignPublicIp: DISABLED
          SecurityGroups:
            - Fn::GetAtt:
                - vgue2devplatformwsserviceServiceSecurityGroupE60F5357
                - GroupId
          Subnets:
            - Ref: vgue2devplatformvpcPrivateSubnet1SubnetAEE14A70
            - Ref: vgue2devplatformvpcPrivateSubnet2SubnetF158D63F
            - Ref: vgue2devplatformvpcPrivateSubnet3SubnetAEC093A5
      ServiceName: ws
      ServiceRegistries:
        - RegistryArn:
            Fn::GetAtt:
              - vgue2devplatformwsserviceServiceCloudmapServiceF957D5D6
              - Arn
      TaskDefinition:
        Ref: vgue2devplatformwstaskdefB0D10FF2
    DependsOn:
      - vgue2devplatformwsserviceLBPublicListenerECSGroup72C0D089
      - vgue2devplatformwsserviceLBPublicListenerA9F224AC
    Metadata:
      aws:cdk:path: CdkStack/vg-ue2-devplatform-ws-service/Service/Service
  vgue2devplatformwsserviceServiceCloudmapServiceF957D5D6:
    Type: AWS::ServiceDiscovery::Service
    Properties:
      DnsConfig:
        DnsRecords:
          - TTL: 60
            Type: A
        NamespaceId:
          Fn::GetAtt:
            - Namespace9B63B8C8
            - Id
        RoutingPolicy: MULTIVALUE
      HealthCheckCustomConfig:
        FailureThreshold: 1
      Name: ws
      NamespaceId:
        Fn::GetAtt:
          - Namespace9B63B8C8
          - Id
    Metadata:
      aws:cdk:path: CdkStack/vg-ue2-devplatform-ws-service/Service/CloudmapService/Resource
  vgue2devplatformwsserviceServiceSecurityGroupE60F5357:
    Type: AWS::EC2::SecurityGroup
    Properties:
      GroupDescription: CdkStack/vg-ue2-devplatform-ws-service/Service/SecurityGroup
      SecurityGroupEgress:
        - CidrIp: 0.0.0.0/0
          Description: Allow all outbound traffic by default
          IpProtocol: "-1"
      VpcId:
        Ref: vgue2devplatformvpcBAAC0E6D
    Metadata:
      aws:cdk:path: CdkStack/vg-ue2-devplatform-ws-service/Service/SecurityGroup/Resource
  vgue2devplatformwsserviceServiceSecurityGroupfromCdkStackvgue2devplatformwsserviceLBSecurityGroupFADB984B808653AF7F:
    Type: AWS::EC2::SecurityGroupIngress
    Properties:
      IpProtocol: tcp
      Description: Load balancer to target
      FromPort: 80
      GroupId:
        Fn::GetAtt:
          - vgue2devplatformwsserviceServiceSecurityGroupE60F5357
          - GroupId
      SourceSecurityGroupId:
        Fn::GetAtt:
          - vgue2devplatformwsserviceLBSecurityGroupFA148AB6
          - GroupId
      ToPort: 80
    Metadata:
      aws:cdk:path: CdkStack/vg-ue2-devplatform-ws-service/Service/SecurityGroup/from CdkStackvgue2devplatformwsserviceLBSecurityGroupFADB984B:80
  vgue2devplatformappservertaskdefTaskRoleF110462E:
    Type: AWS::IAM::Role
    Properties:
      AssumeRolePolicyDocument:
        Statement:
          - Action: sts:AssumeRole
            Effect: Allow
            Principal:
              Service: ecs-tasks.amazonaws.com
        Version: "2012-10-17"
    Metadata:
      aws:cdk:path: CdkStack/vg-ue2-devplatform-appserver-taskdef/TaskRole/Resource
  vgue2devplatformappservertaskdefD079531E:
    Type: AWS::ECS::TaskDefinition
    Properties:
      ContainerDefinitions:
        - Environment:
            - Name: SEARCH_DOMAIN
              Value: volatility.local
          Essential: true
          Image: mreferre/yelb-appserver:0.5
          Name: appserver-container
      Cpu: "512"
      Family: CdkStackvgue2devplatformappservertaskdef8C340136
      Memory: "2048"
      NetworkMode: awsvpc
      RequiresCompatibilities:
        - FARGATE
      TaskRoleArn:
        Fn::GetAtt:
          - vgue2devplatformappservertaskdefTaskRoleF110462E
          - Arn
    Metadata:
      aws:cdk:path: CdkStack/vg-ue2-devplatform-appserver-taskdef/Resource
  vgue2devplatformappserverserviceService5C461562:
    Type: AWS::ECS::Service
    Properties:
      Cluster:
        Ref: vgue2devplatformclusterB1A5F61F
      DeploymentConfiguration:
        MaximumPercent: 200
        MinimumHealthyPercent: 50
      DesiredCount: 1
      EnableECSManagedTags: false
      LaunchType: FARGATE
      NetworkConfiguration:
        AwsvpcConfiguration:
          AssignPublicIp: DISABLED
          SecurityGroups:
            - Fn::GetAtt:
                - vgue2devplatformappserverserviceSecurityGroup8F946190
                - GroupId
          Subnets:
            - Ref: vgue2devplatformvpcPrivateSubnet1SubnetAEE14A70
            - Ref: vgue2devplatformvpcPrivateSubnet2SubnetF158D63F
            - Ref: vgue2devplatformvpcPrivateSubnet3SubnetAEC093A5
      ServiceName: appserver
      ServiceRegistries:
        - RegistryArn:
            Fn::GetAtt:
              - vgue2devplatformappserverserviceCloudmapServiceF9FED9B8
              - Arn
      TaskDefinition:
        Ref: vgue2devplatformappservertaskdefD079531E
    Metadata:
      aws:cdk:path: CdkStack/vg-ue2-devplatform-appserver-service/Service
  vgue2devplatformappserverserviceCloudmapServiceF9FED9B8:
    Type: AWS::ServiceDiscovery::Service
    Properties:
      DnsConfig:
        DnsRecords:
          - TTL: 60
            Type: A
        NamespaceId:
          Fn::GetAtt:
            - Namespace9B63B8C8
            - Id
        RoutingPolicy: MULTIVALUE
      HealthCheckCustomConfig:
        FailureThreshold: 1
      Name: appserver
      NamespaceId:
        Fn::GetAtt:
          - Namespace9B63B8C8
          - Id
    Metadata:
      aws:cdk:path: CdkStack/vg-ue2-devplatform-appserver-service/CloudmapService/Resource
  vgue2devplatformappserverserviceSecurityGroup8F946190:
    Type: AWS::EC2::SecurityGroup
    Properties:
      GroupDescription: CdkStack/vg-ue2-devplatform-appserver-service/SecurityGroup
      SecurityGroupEgress:
        - CidrIp: 0.0.0.0/0
          Description: Allow all outbound traffic by default
          IpProtocol: "-1"
      VpcId:
        Ref: vgue2devplatformvpcBAAC0E6D
    Metadata:
      aws:cdk:path: CdkStack/vg-ue2-devplatform-appserver-service/SecurityGroup/Resource
  vgue2devplatformappserverserviceSecurityGroupfromCdkStackvgue2devplatformwsserviceServiceSecurityGroupBEECEE71456791AEBC2A:
    Type: AWS::EC2::SecurityGroupIngress
    Properties:
      IpProtocol: tcp
      Description: from CdkStackvgue2devplatformwsserviceServiceSecurityGroupBEECEE71:4567
      FromPort: 4567
      GroupId:
        Fn::GetAtt:
          - vgue2devplatformappserverserviceSecurityGroup8F946190
          - GroupId
      SourceSecurityGroupId:
        Fn::GetAtt:
          - vgue2devplatformwsserviceServiceSecurityGroupE60F5357
          - GroupId
      ToPort: 4567
    Metadata:
      aws:cdk:path: CdkStack/vg-ue2-devplatform-appserver-service/SecurityGroup/from CdkStackvgue2devplatformwsserviceServiceSecurityGroupBEECEE71:4567
  vgue2devplatformdbtaskdefTaskRoleEA8E9D39:
    Type: AWS::IAM::Role
    Properties:
      AssumeRolePolicyDocument:
        Statement:
          - Action: sts:AssumeRole
            Effect: Allow
            Principal:
              Service: ecs-tasks.amazonaws.com
        Version: "2012-10-17"
    Metadata:
      aws:cdk:path: CdkStack/vg-ue2-devplatform-db-taskdef/TaskRole/Resource
  vgue2devplatformdbtaskdef17092529:
    Type: AWS::ECS::TaskDefinition
    Properties:
      ContainerDefinitions:
        - Essential: true
          Image: postgres:12.10
          Name: db-container
      Cpu: "512"
      Family: CdkStackvgue2devplatformdbtaskdefF907CDC8
      Memory: "2048"
      NetworkMode: awsvpc
      RequiresCompatibilities:
        - FARGATE
      TaskRoleArn:
        Fn::GetAtt:
          - vgue2devplatformdbtaskdefTaskRoleEA8E9D39
          - Arn
    Metadata:
      aws:cdk:path: CdkStack/vg-ue2-devplatform-db-taskdef/Resource
  vgue2devplatformdbserviceService29E39971:
    Type: AWS::ECS::Service
    Properties:
      Cluster:
        Ref: vgue2devplatformclusterB1A5F61F
      DeploymentConfiguration:
        MaximumPercent: 200
        MinimumHealthyPercent: 50
      EnableECSManagedTags: false
      LaunchType: FARGATE
      NetworkConfiguration:
        AwsvpcConfiguration:
          AssignPublicIp: DISABLED
          SecurityGroups:
            - Fn::GetAtt:
                - vgue2devplatformdbserviceSecurityGroupE411E8D9
                - GroupId
          Subnets:
            - Ref: vgue2devplatformvpcPrivateSubnet1SubnetAEE14A70
            - Ref: vgue2devplatformvpcPrivateSubnet2SubnetF158D63F
            - Ref: vgue2devplatformvpcPrivateSubnet3SubnetAEC093A5
      ServiceName: db
      ServiceRegistries:
        - RegistryArn:
            Fn::GetAtt:
              - vgue2devplatformdbserviceCloudmapServiceD59CA74F
              - Arn
      TaskDefinition:
        Ref: vgue2devplatformdbtaskdef17092529
    Metadata:
      aws:cdk:path: CdkStack/vg-ue2-devplatform-db-service/Service
  vgue2devplatformdbserviceCloudmapServiceD59CA74F:
    Type: AWS::ServiceDiscovery::Service
    Properties:
      DnsConfig:
        DnsRecords:
          - TTL: 60
            Type: A
        NamespaceId:
          Fn::GetAtt:
            - Namespace9B63B8C8
            - Id
        RoutingPolicy: MULTIVALUE
      HealthCheckCustomConfig:
        FailureThreshold: 1
      Name: db
      NamespaceId:
        Fn::GetAtt:
          - Namespace9B63B8C8
          - Id
    Metadata:
      aws:cdk:path: CdkStack/vg-ue2-devplatform-db-service/CloudmapService/Resource
  vgue2devplatformdbserviceSecurityGroupE411E8D9:
    Type: AWS::EC2::SecurityGroup
    Properties:
      GroupDescription: CdkStack/vg-ue2-devplatform-db-service/SecurityGroup
      SecurityGroupEgress:
        - CidrIp: 0.0.0.0/0
          Description: Allow all outbound traffic by default
          IpProtocol: "-1"
      VpcId:
        Ref: vgue2devplatformvpcBAAC0E6D
    Metadata:
      aws:cdk:path: CdkStack/vg-ue2-devplatform-db-service/SecurityGroup/Resource
  vgue2devplatformdbserviceSecurityGroupfromCdkStackvgue2devplatformappserverserviceSecurityGroupCD2F54AE5432B14CE946:
    Type: AWS::EC2::SecurityGroupIngress
    Properties:
      IpProtocol: tcp
      Description: from CdkStackvgue2devplatformappserverserviceSecurityGroupCD2F54AE:5432
      FromPort: 5432
      GroupId:
        Fn::GetAtt:
          - vgue2devplatformdbserviceSecurityGroupE411E8D9
          - GroupId
      SourceSecurityGroupId:
        Fn::GetAtt:
          - vgue2devplatformappserverserviceSecurityGroup8F946190
          - GroupId
      ToPort: 5432
    Metadata:
      aws:cdk:path: CdkStack/vg-ue2-devplatform-db-service/SecurityGroup/from CdkStackvgue2devplatformappserverserviceSecurityGroupCD2F54AE:5432
  vgue2devplatformredisservertaskdefTaskRole1C266322:
    Type: AWS::IAM::Role
    Properties:
      AssumeRolePolicyDocument:
        Statement:
          - Action: sts:AssumeRole
            Effect: Allow
            Principal:
              Service: ecs-tasks.amazonaws.com
        Version: "2012-10-17"
    Metadata:
      aws:cdk:path: CdkStack/vg-ue2-devplatform-redis-server-taskdef/TaskRole/Resource
  vgue2devplatformredisservertaskdef5A5A7AD2:
    Type: AWS::ECS::TaskDefinition
    Properties:
      ContainerDefinitions:
        - Essential: true
          Image: redis:6.2.6
          Name: redis-server
      Cpu: "512"
      Family: CdkStackvgue2devplatformredisservertaskdefF1088777
      Memory: "2048"
      NetworkMode: awsvpc
      RequiresCompatibilities:
        - FARGATE
      TaskRoleArn:
        Fn::GetAtt:
          - vgue2devplatformredisservertaskdefTaskRole1C266322
          - Arn
    Metadata:
      aws:cdk:path: CdkStack/vg-ue2-devplatform-redis-server-taskdef/Resource
  vgue2devplatformredisserverserviceServiceD341D2C4:
    Type: AWS::ECS::Service
    Properties:
      Cluster:
        Ref: vgue2devplatformclusterB1A5F61F
      DeploymentConfiguration:
        MaximumPercent: 200
        MinimumHealthyPercent: 50
      EnableECSManagedTags: false
      LaunchType: FARGATE
      NetworkConfiguration:
        AwsvpcConfiguration:
          AssignPublicIp: DISABLED
          SecurityGroups:
            - Fn::GetAtt:
                - vgue2devplatformredisserverserviceSecurityGroupA799233B
                - GroupId
          Subnets:
            - Ref: vgue2devplatformvpcPrivateSubnet1SubnetAEE14A70
            - Ref: vgue2devplatformvpcPrivateSubnet2SubnetF158D63F
            - Ref: vgue2devplatformvpcPrivateSubnet3SubnetAEC093A5
      ServiceName: redis-server
      ServiceRegistries:
        - RegistryArn:
            Fn::GetAtt:
              - vgue2devplatformredisserverserviceCloudmapServiceF9E7747C
              - Arn
      TaskDefinition:
        Ref: vgue2devplatformredisservertaskdef5A5A7AD2
    Metadata:
      aws:cdk:path: CdkStack/vg-ue2-devplatform-redis-server-service/Service
  vgue2devplatformredisserverserviceCloudmapServiceF9E7747C:
    Type: AWS::ServiceDiscovery::Service
    Properties:
      DnsConfig:
        DnsRecords:
          - TTL: 60
            Type: A
        NamespaceId:
          Fn::GetAtt:
            - Namespace9B63B8C8
            - Id
        RoutingPolicy: MULTIVALUE
      HealthCheckCustomConfig:
        FailureThreshold: 1
      Name: redis-server
      NamespaceId:
        Fn::GetAtt:
          - Namespace9B63B8C8
          - Id
    Metadata:
      aws:cdk:path: CdkStack/vg-ue2-devplatform-redis-server-service/CloudmapService/Resource
  vgue2devplatformredisserverserviceSecurityGroupA799233B:
    Type: AWS::EC2::SecurityGroup
    Properties:
      GroupDescription: CdkStack/vg-ue2-devplatform-redis-server-service/SecurityGroup
      SecurityGroupEgress:
        - CidrIp: 0.0.0.0/0
          Description: Allow all outbound traffic by default
          IpProtocol: "-1"
      VpcId:
        Ref: vgue2devplatformvpcBAAC0E6D
    Metadata:
      aws:cdk:path: CdkStack/vg-ue2-devplatform-redis-server-service/SecurityGroup/Resource
  vgue2devplatformredisserverserviceSecurityGroupfromCdkStackvgue2devplatformappserverserviceSecurityGroupCD2F54AE63794D65D57B:
    Type: AWS::EC2::SecurityGroupIngress
    Properties:
      IpProtocol: tcp
      Description: from CdkStackvgue2devplatformappserverserviceSecurityGroupCD2F54AE:6379
      FromPort: 6379
      GroupId:
        Fn::GetAtt:
          - vgue2devplatformredisserverserviceSecurityGroupA799233B
          - GroupId
      SourceSecurityGroupId:
        Fn::GetAtt:
          - vgue2devplatformappserverserviceSecurityGroup8F946190
          - GroupId
      ToPort: 6379
    Metadata:
      aws:cdk:path: CdkStack/vg-ue2-devplatform-redis-server-service/SecurityGroup/from CdkStackvgue2devplatformappserverserviceSecurityGroupCD2F54AE:6379
  vgue2devplatformnatsservertaskdefTaskRoleA4B93E99:
    Type: AWS::IAM::Role
    Properties:
      AssumeRolePolicyDocument:
        Statement:
          - Action: sts:AssumeRole
            Effect: Allow
            Principal:
              Service: ecs-tasks.amazonaws.com
        Version: "2012-10-17"
    Metadata:
      aws:cdk:path: CdkStack/vg-ue2-devplatform-nats-server-taskdef/TaskRole/Resource
  vgue2devplatformnatsservertaskdef51E6AEDB:
    Type: AWS::ECS::TaskDefinition
    Properties:
      ContainerDefinitions:
        - Essential: true
          Image: nats:2.7.2
          Name: nats-server
      Cpu: "512"
      Family: CdkStackvgue2devplatformnatsservertaskdef39F81337
      Memory: "1024"
      NetworkMode: awsvpc
      RequiresCompatibilities:
        - FARGATE
      TaskRoleArn:
        Fn::GetAtt:
          - vgue2devplatformnatsservertaskdefTaskRoleA4B93E99
          - Arn
    Metadata:
      aws:cdk:path: CdkStack/vg-ue2-devplatform-nats-server-taskdef/Resource
  vgue2devplatformnatsserverserviceServiceB9F54C5C:
    Type: AWS::ECS::Service
    Properties:
      Cluster:
        Ref: vgue2devplatformclusterB1A5F61F
      DeploymentConfiguration:
        MaximumPercent: 200
        MinimumHealthyPercent: 50
      EnableECSManagedTags: false
      LaunchType: FARGATE
      NetworkConfiguration:
        AwsvpcConfiguration:
          AssignPublicIp: DISABLED
          SecurityGroups:
            - Fn::GetAtt:
                - vgue2devplatformnatsserverserviceSecurityGroup83355AF7
                - GroupId
          Subnets:
            - Ref: vgue2devplatformvpcPrivateSubnet1SubnetAEE14A70
            - Ref: vgue2devplatformvpcPrivateSubnet2SubnetF158D63F
            - Ref: vgue2devplatformvpcPrivateSubnet3SubnetAEC093A5
      ServiceName: nats-server
      ServiceRegistries:
        - RegistryArn:
            Fn::GetAtt:
              - vgue2devplatformnatsserverserviceCloudmapService651C165C
              - Arn
      TaskDefinition:
        Ref: vgue2devplatformnatsservertaskdef51E6AEDB
    Metadata:
      aws:cdk:path: CdkStack/vg-ue2-devplatform-nats-server-service/Service
  vgue2devplatformnatsserverserviceCloudmapService651C165C:
    Type: AWS::ServiceDiscovery::Service
    Properties:
      DnsConfig:
        DnsRecords:
          - TTL: 60
            Type: A
        NamespaceId:
          Fn::GetAtt:
            - Namespace9B63B8C8
            - Id
        RoutingPolicy: MULTIVALUE
      HealthCheckCustomConfig:
        FailureThreshold: 1
      Name: nats-server
      NamespaceId:
        Fn::GetAtt:
          - Namespace9B63B8C8
          - Id
    Metadata:
      aws:cdk:path: CdkStack/vg-ue2-devplatform-nats-server-service/CloudmapService/Resource
  vgue2devplatformnatsserverserviceSecurityGroup83355AF7:
    Type: AWS::EC2::SecurityGroup
    Properties:
      GroupDescription: CdkStack/vg-ue2-devplatform-nats-server-service/SecurityGroup
      SecurityGroupEgress:
        - CidrIp: 0.0.0.0/0
          Description: Allow all outbound traffic by default
          IpProtocol: "-1"
      VpcId:
        Ref: vgue2devplatformvpcBAAC0E6D
    Metadata:
      aws:cdk:path: CdkStack/vg-ue2-devplatform-nats-server-service/SecurityGroup/Resource
  vgue2devplatformnatsserverserviceSecurityGroupfromCdkStackvgue2devplatformnatsserverserviceSecurityGroupA7D99A20422262946822:
    Type: AWS::EC2::SecurityGroupIngress
    Properties:
      IpProtocol: tcp
      Description: from CdkStackvgue2devplatformnatsserverserviceSecurityGroupA7D99A20:4222
      FromPort: 4222
      GroupId:
        Fn::GetAtt:
          - vgue2devplatformnatsserverserviceSecurityGroup83355AF7
          - GroupId
      SourceSecurityGroupId:
        Fn::GetAtt:
          - vgue2devplatformnatsserverserviceSecurityGroup83355AF7
          - GroupId
      ToPort: 4222
    Metadata:
      aws:cdk:path: CdkStack/vg-ue2-devplatform-nats-server-service/SecurityGroup/from CdkStackvgue2devplatformnatsserverserviceSecurityGroupA7D99A20:4222
  CDKMetadata:
    Type: AWS::CDK::Metadata
    Properties:
      Analytics: v2:deflate64:H4sIAAAAAAAA/31TwW7bMAz9lt0dbSm63dOkKwIUneEUvQa0wnpsbMkQJReB4X8fZdlL2gU76enpiSIfqRu1/K6+fYF3XujDcVFTqfqdB33MhNr3qG9U/9LqbP1qXvJ1loeyJr0LpUEfuTMqbPD4DGWNZ/7MrZitJvBkzV9xBPfbPC5P4B/A4zucstxRJ/AceGs8OsGzIGUy7VZecv3doPHZDnVw5E8PzoZ2zOG/xH3lkPkfemtGfshQs+rXdWB5Papm+BNcBbEqPm7wlQzNNX1mrPFABt0FN93doetIJ58SHDJO4ECsbYfupPrJiI3hJ2iQW0g3rtHXAhI0qi9sase45lZaN/qXUKzR7YEZPauN1Ud02waq2CtxXs5Uga1l8tad7oAxWrJvwcd2sFq1rQQZO/po4XAHNRjJ/1OJWAN70rUoylFBpupkpK7fHo3+sL/UkfhvJs2ML86f5WWZkrnZF9thyApkG5wkNBYnA15JIlH2K/g2pAGeJENm7AHVG3/tlj/U8lZ+xxsTLVwwnhpURVr/ALRKvf45AwAA
    Metadata:
      aws:cdk:path: CdkStack/CDKMetadata/Default
Outputs:
  vgue2devplatformwsserviceLoadBalancerDNS9BAE2892:
    Value:
      Fn::GetAtt:
        - vgue2devplatformwsserviceLB3C1C9208
        - DNSName
  vgue2devplatformwsserviceServiceURL004E1999:
    Value:
      Fn::Join:
        - ""
        - - http://
          - Fn::GetAtt:
              - vgue2devplatformwsserviceLB3C1C9208
              - DNSName
Parameters:
  BootstrapVersion:
    Type: AWS::SSM::Parameter::Value<String>
    Default: /cdk-bootstrap/hnb659fds/version
    Description: Version of the CDK Bootstrap resources in this environment, automatically retrieved from SSM Parameter Store. [cdk:skip]
Rules:
  CheckBootstrapVersion:
    Assertions:
      - Assert:
          Fn::Not:
            - Fn::Contains:
                - - "1"
                  - "2"
                  - "3"
                  - "4"
                  - "5"
                - Ref: BootstrapVersion
        AssertDescription: CDK bootstrap stack version 6 required. Please run 'cdk bootstrap' with a recent version of the CDK CLI.


